2018-09-12 15:54:07.777  INFO 11156 --- [restartedMain] com.wm.edu.EduApplication                : Starting EduApplication on DESKTOP-A9RSNQ0 with PID 11156 (E:\data\shop\shop\target\classes started by lenovo in E:\data\shop\shop)
2018-09-12 15:54:07.779  INFO 11156 --- [restartedMain] com.wm.edu.EduApplication                : No active profile set, falling back to default profiles: default
2018-09-12 15:54:08.121  INFO 11156 --- [restartedMain] ationConfigEmbeddedWebApplicationContext : Refreshing org.springframework.boot.context.embedded.AnnotationConfigEmbeddedWebApplicationContext@2cd67bce: startup date [Wed Sep 12 15:54:08 CST 2018]; root of context hierarchy
2018-09-12 15:54:10.589  INFO 11156 --- [restartedMain] .s.d.r.c.RepositoryConfigurationDelegate : Multiple Spring Data modules found, entering strict repository configuration mode!
2018-09-12 15:54:11.460  INFO 11156 --- [restartedMain] trationDelegate$BeanPostProcessorChecker : Bean 'org.springframework.transaction.annotation.ProxyTransactionManagementConfiguration' of type [org.springframework.transaction.annotation.ProxyTransactionManagementConfiguration$$EnhancerBySpringCGLIB$$788daaae] is not eligible for getting processed by all BeanPostProcessors (for example: not eligible for auto-proxying)
2018-09-12 15:54:12.361  INFO 11156 --- [restartedMain] s.b.c.e.t.TomcatEmbeddedServletContainer : Tomcat initialized with port(s): 8080 (http)
2018-09-12 15:54:12.405  INFO 11156 --- [restartedMain] o.apache.catalina.core.StandardService   : Starting service [Tomcat]
2018-09-12 15:54:12.406  INFO 11156 --- [restartedMain] org.apache.catalina.core.StandardEngine  : Starting Servlet Engine: Apache Tomcat/8.5.32
2018-09-12 15:54:12.649  INFO 11156 --- [localhost-startStop-1] o.a.c.c.C.[Tomcat].[localhost].[/shop]   : Initializing Spring embedded WebApplicationContext
2018-09-12 15:54:12.649  INFO 11156 --- [localhost-startStop-1] o.s.web.context.ContextLoader            : Root WebApplicationContext: initialization completed in 4540 ms
2018-09-12 15:54:13.028  INFO 11156 --- [localhost-startStop-1] o.s.b.w.servlet.ServletRegistrationBean  : Mapping servlet: 'dispatcherServlet' to [/]
2018-09-12 15:54:13.030  INFO 11156 --- [localhost-startStop-1] o.s.b.w.servlet.ServletRegistrationBean  : Mapping servlet: 'statViewServlet' to [/druid/*]
2018-09-12 15:54:13.036  INFO 11156 --- [localhost-startStop-1] o.s.b.w.servlet.FilterRegistrationBean   : Mapping filter: 'characterEncodingFilter' to: [/*]
2018-09-12 15:54:13.037  INFO 11156 --- [localhost-startStop-1] o.s.b.w.servlet.FilterRegistrationBean   : Mapping filter: 'hiddenHttpMethodFilter' to: [/*]
2018-09-12 15:54:13.037  INFO 11156 --- [localhost-startStop-1] o.s.b.w.servlet.FilterRegistrationBean   : Mapping filter: 'httpPutFormContentFilter' to: [/*]
2018-09-12 15:54:13.037  INFO 11156 --- [localhost-startStop-1] o.s.b.w.servlet.FilterRegistrationBean   : Mapping filter: 'requestContextFilter' to: [/*]
2018-09-12 15:54:13.038  INFO 11156 --- [localhost-startStop-1] o.s.b.w.servlet.FilterRegistrationBean   : Mapping filter: 'webStatFilter' to urls: [/*]
2018-09-12 15:54:15.321  INFO 11156 --- [restartedMain] s.w.s.m.m.a.RequestMappingHandlerAdapter : Looking for @ControllerAdvice: org.springframework.boot.context.embedded.AnnotationConfigEmbeddedWebApplicationContext@2cd67bce: startup date [Wed Sep 12 15:54:08 CST 2018]; root of context hierarchy
2018-09-12 15:54:15.427  INFO 11156 --- [restartedMain] s.w.s.m.m.a.RequestMappingHandlerMapping : Mapped "{[/tadver/main]}" onto public java.lang.String com.wm.edu.controller.adver.AdverController.main()
2018-09-12 15:54:15.431  INFO 11156 --- [restartedMain] s.w.s.m.m.a.RequestMappingHandlerMapping : Mapped "{[/tadver/list]}" onto public java.util.Map<java.lang.String, java.lang.Object> com.wm.edu.controller.adver.AdverController.list(com.wm.edu.model.adver.T_adver)
2018-09-12 15:54:15.431  INFO 11156 --- [restartedMain] s.w.s.m.m.a.RequestMappingHandlerMapping : Mapped "{[/tadver/updateStatus]}" onto public java.util.Map<java.lang.String, java.lang.Object> com.wm.edu.controller.adver.AdverController.updateStatus(java.lang.String,java.lang.Integer)
2018-09-12 15:54:15.432  INFO 11156 --- [restartedMain] s.w.s.m.m.a.RequestMappingHandlerMapping : Mapped "{[/tadver/uploadImages]}" onto public java.util.Map<java.lang.String, java.lang.Object> com.wm.edu.controller.adver.AdverController.uploadImages(javax.servlet.http.HttpServletRequest,javax.servlet.http.HttpServletResponse,org.springframework.web.multipart.MultipartFile)
2018-09-12 15:54:15.432  INFO 11156 --- [restartedMain] s.w.s.m.m.a.RequestMappingHandlerMapping : Mapped "{[/tadver/saveAdver]}" onto public java.util.Map<java.lang.String, java.lang.Object> com.wm.edu.controller.adver.AdverController.saveAdver(com.wm.edu.model.adver.T_adver,javax.servlet.http.HttpServletRequest)
2018-09-12 15:54:15.433  INFO 11156 --- [restartedMain] s.w.s.m.m.a.RequestMappingHandlerMapping : Mapped "{[/tadver/toAddOrEdit]}" onto public java.lang.String com.wm.edu.controller.adver.AdverController.toAddOrEdit(java.lang.String,org.springframework.ui.Model)
2018-09-12 15:54:15.433  INFO 11156 --- [restartedMain] s.w.s.m.m.a.RequestMappingHandlerMapping : Mapped "{[/tadver/deleteAdver]}" onto public java.util.Map<java.lang.String, java.lang.Object> com.wm.edu.controller.adver.AdverController.deleteAdver(java.lang.String)
2018-09-12 15:54:15.442  INFO 11156 --- [restartedMain] s.w.s.m.m.a.RequestMappingHandlerMapping : Mapped "{[/commodity/main]}" onto public java.lang.String com.wm.edu.controller.commodity.CommodityInfoController.main(org.springframework.ui.Model)
2018-09-12 15:54:15.443  INFO 11156 --- [restartedMain] s.w.s.m.m.a.RequestMappingHandlerMapping : Mapped "{[/commodity/list]}" onto public java.util.Map<java.lang.String, java.lang.Object> com.wm.edu.controller.commodity.CommodityInfoController.list(com.wm.edu.model.commodity.T_commodity_info)
2018-09-12 15:54:15.443  INFO 11156 --- [restartedMain] s.w.s.m.m.a.RequestMappingHandlerMapping : Mapped "{[/commodity/updateStatus]}" onto public java.util.Map<java.lang.String, java.lang.Object> com.wm.edu.controller.commodity.CommodityInfoController.updateStatus(java.lang.String,java.lang.Integer)
2018-09-12 15:54:15.443  INFO 11156 --- [restartedMain] s.w.s.m.m.a.RequestMappingHandlerMapping : Mapped "{[/commodity/uploadImages]}" onto public java.util.Map<java.lang.String, java.lang.Object> com.wm.edu.controller.commodity.CommodityInfoController.uploadImages(javax.servlet.http.HttpServletRequest,javax.servlet.http.HttpServletResponse,org.springframework.web.multipart.MultipartFile)
2018-09-12 15:54:15.444  INFO 11156 --- [restartedMain] s.w.s.m.m.a.RequestMappingHandlerMapping : Mapped "{[/commodity/uploadText]}" onto public java.util.Map<java.lang.String, java.lang.Object> com.wm.edu.controller.commodity.CommodityInfoController.uploadText(javax.servlet.http.HttpServletRequest,javax.servlet.http.HttpServletResponse,org.springframework.web.multipart.MultipartFile)
2018-09-12 15:54:15.444  INFO 11156 --- [restartedMain] s.w.s.m.m.a.RequestMappingHandlerMapping : Mapped "{[/commodity/saveCommodity]}" onto public java.util.Map<java.lang.String, java.lang.Object> com.wm.edu.controller.commodity.CommodityInfoController.saveCommodity(com.wm.edu.model.commodity.T_commodity_info,javax.servlet.http.HttpServletRequest)
2018-09-12 15:54:15.445  INFO 11156 --- [restartedMain] s.w.s.m.m.a.RequestMappingHandlerMapping : Mapped "{[/commodity/deleteCommodity]}" onto public java.util.Map<java.lang.String, java.lang.Object> com.wm.edu.controller.commodity.CommodityInfoController.deleteCommodity(java.lang.String)
2018-09-12 15:54:15.445  INFO 11156 --- [restartedMain] s.w.s.m.m.a.RequestMappingHandlerMapping : Mapped "{[/commodity/toAddOrEdit]}" onto public java.lang.String com.wm.edu.controller.commodity.CommodityInfoController.toAddOrEdit(java.lang.String,org.springframework.ui.Model)
2018-09-12 15:54:15.446  INFO 11156 --- [restartedMain] s.w.s.m.m.a.RequestMappingHandlerMapping : Mapped "{[/commodity/uploadHead]}" onto public java.util.Map<java.lang.String, java.lang.Object> com.wm.edu.controller.commodity.CommodityInfoController.uploadHead(javax.servlet.http.HttpServletRequest,javax.servlet.http.HttpServletResponse,org.springframework.web.multipart.MultipartFile)
2018-09-12 15:54:15.447  INFO 11156 --- [restartedMain] s.w.s.m.m.a.RequestMappingHandlerMapping : Mapped "{[/commoditytype/main]}" onto public java.lang.String com.wm.edu.controller.commodity.CommodityTypeController.main()
2018-09-12 15:54:15.448  INFO 11156 --- [restartedMain] s.w.s.m.m.a.RequestMappingHandlerMapping : Mapped "{[/commoditytype/list]}" onto public java.util.Map<java.lang.String, java.lang.Object> com.wm.edu.controller.commodity.CommodityTypeController.list(com.wm.edu.model.commodity.T_commodity_type)
2018-09-12 15:54:15.449  INFO 11156 --- [restartedMain] s.w.s.m.m.a.RequestMappingHandlerMapping : Mapped "{[/commoditytype/toAddOrEdit]}" onto public java.lang.String com.wm.edu.controller.commodity.CommodityTypeController.toAddOrEdit(java.lang.String,org.springframework.ui.Model)
2018-09-12 15:54:15.449  INFO 11156 --- [restartedMain] s.w.s.m.m.a.RequestMappingHandlerMapping : Mapped "{[/commoditytype/saveType]}" onto public java.util.Map<java.lang.String, java.lang.Object> com.wm.edu.controller.commodity.CommodityTypeController.saveType(com.wm.edu.model.commodity.T_commodity_type,javax.servlet.http.HttpServletRequest)
2018-09-12 15:54:15.449  INFO 11156 --- [restartedMain] s.w.s.m.m.a.RequestMappingHandlerMapping : Mapped "{[/commoditytype/deleteType]}" onto public java.util.Map<java.lang.String, java.lang.Object> com.wm.edu.controller.commodity.CommodityTypeController.deleteType(java.lang.String)
2018-09-12 15:54:15.450  INFO 11156 --- [restartedMain] s.w.s.m.m.a.RequestMappingHandlerMapping : Mapped "{[/index]}" onto public java.lang.String com.wm.edu.controller.login.LoginController.index(javax.servlet.http.HttpServletRequest)
2018-09-12 15:54:15.451  INFO 11156 --- [restartedMain] s.w.s.m.m.a.RequestMappingHandlerMapping : Mapped "{[/getInfo]}" onto public java.util.Map<java.lang.String, java.lang.Object> com.wm.edu.controller.login.LoginController.getInfo()
2018-09-12 15:54:15.451  INFO 11156 --- [restartedMain] s.w.s.m.m.a.RequestMappingHandlerMapping : Mapped "{[/echats]}" onto public java.lang.String com.wm.edu.controller.login.LoginController.echats()
2018-09-12 15:54:15.452  INFO 11156 --- [restartedMain] s.w.s.m.m.a.RequestMappingHandlerMapping : Mapped "{[/login]}" onto public java.lang.String com.wm.edu.controller.login.LoginController.login(javax.servlet.http.HttpServletRequest)
2018-09-12 15:54:15.452  INFO 11156 --- [restartedMain] s.w.s.m.m.a.RequestMappingHandlerMapping : Mapped "{[/checkUser]}" onto public java.util.Map<java.lang.String, java.lang.Object> com.wm.edu.controller.login.LoginController.checkUser(com.wm.edu.model.admin.Sys_user,javax.servlet.http.HttpServletRequest)
2018-09-12 15:54:15.452  INFO 11156 --- [restartedMain] s.w.s.m.m.a.RequestMappingHandlerMapping : Mapped "{[/logout]}" onto public org.springframework.web.servlet.ModelAndView com.wm.edu.controller.login.LoginController.logout(javax.servlet.http.HttpServletRequest)
2018-09-12 15:54:15.454  INFO 11156 --- [restartedMain] s.w.s.m.m.a.RequestMappingHandlerMapping : Mapped "{[/order/main]}" onto public java.lang.String com.wm.edu.controller.order.OrderController.main(org.springframework.ui.Model,java.lang.String)
2018-09-12 15:54:15.455  INFO 11156 --- [restartedMain] s.w.s.m.m.a.RequestMappingHandlerMapping : Mapped "{[/order/list]}" onto public java.util.Map<java.lang.String, java.lang.Object> com.wm.edu.controller.order.OrderController.list(com.wm.edu.model.order.T_order)
2018-09-12 15:54:15.455  INFO 11156 --- [restartedMain] s.w.s.m.m.a.RequestMappingHandlerMapping : Mapped "{[/order/updateStatus]}" onto public java.util.Map<java.lang.String, java.lang.Object> com.wm.edu.controller.order.OrderController.updateStatus(com.wm.edu.model.order.T_order)
2018-09-12 15:54:15.456  INFO 11156 --- [restartedMain] s.w.s.m.m.a.RequestMappingHandlerMapping : Mapped "{[/order/orderReceiptDetails]}" onto public java.lang.String com.wm.edu.controller.order.OrderController.orderReceiptDetails(java.lang.String,org.springframework.ui.Model)
2018-09-12 15:54:15.456  INFO 11156 --- [restartedMain] s.w.s.m.m.a.RequestMappingHandlerMapping : Mapped "{[/order/toStoreDetails]}" onto public java.lang.String com.wm.edu.controller.order.OrderController.toStoreDetails(java.lang.String,org.springframework.ui.Model)
2018-09-12 15:54:15.456  INFO 11156 --- [restartedMain] s.w.s.m.m.a.RequestMappingHandlerMapping : Mapped "{[/order/getOrderInfo]}" onto public java.util.Map<java.lang.String, java.lang.Object> com.wm.edu.controller.order.OrderController.getOrderInfo(java.lang.String)
2018-09-12 15:54:15.457  INFO 11156 --- [restartedMain] s.w.s.m.m.a.RequestMappingHandlerMapping : Mapped "{[/order/toDetails]}" onto public java.lang.String com.wm.edu.controller.order.OrderController.toDetails(java.lang.String,org.springframework.ui.Model)
2018-09-12 15:54:15.459  INFO 11156 --- [restartedMain] s.w.s.m.m.a.RequestMappingHandlerMapping : Mapped "{[/resources/main]}" onto public java.lang.String com.wm.edu.controller.security.SysResourcesController.main()
2018-09-12 15:54:15.460  INFO 11156 --- [restartedMain] s.w.s.m.m.a.RequestMappingHandlerMapping : Mapped "{[/resources/list]}" onto public java.util.Map<java.lang.String, java.lang.Object> com.wm.edu.controller.security.SysResourcesController.list(com.wm.edu.model.security.SysResources)
2018-09-12 15:54:15.461  INFO 11156 --- [restartedMain] s.w.s.m.m.a.RequestMappingHandlerMapping : Mapped "{[/resources/getRes]}" onto public java.util.Map<java.lang.String, java.lang.Object> com.wm.edu.controller.security.SysResourcesController.getRes(javax.servlet.http.HttpServletRequest)
2018-09-12 15:54:15.461  INFO 11156 --- [restartedMain] s.w.s.m.m.a.RequestMappingHandlerMapping : Mapped "{[/resources/editRes]}" onto public java.lang.String com.wm.edu.controller.security.SysResourcesController.editRes(java.lang.Integer,org.springframework.ui.Model)
2018-09-12 15:54:15.461  INFO 11156 --- [restartedMain] s.w.s.m.m.a.RequestMappingHandlerMapping : Mapped "{[/resources/saveResInfo]}" onto public com.wm.edu.utils.common.ResultBody com.wm.edu.controller.security.SysResourcesController.saveResInfo(com.wm.edu.model.security.SysResources)
2018-09-12 15:54:15.461  INFO 11156 --- [restartedMain] s.w.s.m.m.a.RequestMappingHandlerMapping : Mapped "{[/resources/deleteRes]}" onto public com.wm.edu.utils.common.ResultBody com.wm.edu.controller.security.SysResourcesController.deleteRes(java.lang.Integer)
2018-09-12 15:54:15.462  INFO 11156 --- [restartedMain] s.w.s.m.m.a.RequestMappingHandlerMapping : Mapped "{[/resources/addRes]}" onto public java.lang.String com.wm.edu.controller.security.SysResourcesController.addRes(java.lang.Integer,org.springframework.ui.Model)
2018-09-12 15:54:15.462  INFO 11156 --- [restartedMain] s.w.s.m.m.a.RequestMappingHandlerMapping : Mapped "{[/resources/getMenuHtml],produces=[text/plain;charset=UTF-8]}" onto public java.lang.String com.wm.edu.controller.security.SysResourcesController.getMenuHtml(javax.servlet.http.HttpServletRequest,javax.servlet.http.HttpServletResponse)
2018-09-12 15:54:15.463  INFO 11156 --- [restartedMain] s.w.s.m.m.a.RequestMappingHandlerMapping : Mapped "{[/resources/loadDataJsTree]}" onto public java.util.List<net.sf.json.JSONObject> com.wm.edu.controller.security.SysResourcesController.loadDataJsTree(javax.servlet.http.HttpServletRequest,java.lang.Integer)
2018-09-12 15:54:15.465  INFO 11156 --- [restartedMain] s.w.s.m.m.a.RequestMappingHandlerMapping : Mapped "{[/sysrole/main]}" onto public java.lang.String com.wm.edu.controller.security.SysRoleController.main()
2018-09-12 15:54:15.465  INFO 11156 --- [restartedMain] s.w.s.m.m.a.RequestMappingHandlerMapping : Mapped "{[/sysrole/list]}" onto public java.util.Map<java.lang.String, java.lang.Object> com.wm.edu.controller.security.SysRoleController.list(com.wm.edu.model.security.Sys_role)
2018-09-12 15:54:15.465  INFO 11156 --- [restartedMain] s.w.s.m.m.a.RequestMappingHandlerMapping : Mapped "{[/sysrole/getTree]}" onto public java.lang.String com.wm.edu.controller.security.SysRoleController.getTree(java.lang.String,org.springframework.ui.Model)
2018-09-12 15:54:15.466  INFO 11156 --- [restartedMain] s.w.s.m.m.a.RequestMappingHandlerMapping : Mapped "{[/sysrole/deleteRole]}" onto public com.wm.edu.utils.common.ResultBody com.wm.edu.controller.security.SysRoleController.deleteRole(java.lang.Integer)
2018-09-12 15:54:15.467  INFO 11156 --- [restartedMain] s.w.s.m.m.a.RequestMappingHandlerMapping : Mapped "{[/sysrole/editRole]}" onto public java.lang.String com.wm.edu.controller.security.SysRoleController.editRole(java.lang.Integer,org.springframework.ui.Model)
2018-09-12 15:54:15.467  INFO 11156 --- [restartedMain] s.w.s.m.m.a.RequestMappingHandlerMapping : Mapped "{[/sysrole/saveRoleRes]}" onto public java.util.Map<java.lang.String, java.lang.Object> com.wm.edu.controller.security.SysRoleController.saveRoleRes(java.lang.String,java.lang.Integer)
2018-09-12 15:54:15.468  INFO 11156 --- [restartedMain] s.w.s.m.m.a.RequestMappingHandlerMapping : Mapped "{[/sysrole/saveRole]}" onto public com.wm.edu.utils.common.ResultBody com.wm.edu.controller.security.SysRoleController.saveRole(com.wm.edu.model.security.Sys_role)
2018-09-12 15:54:15.470  INFO 11156 --- [restartedMain] s.w.s.m.m.a.RequestMappingHandlerMapping : Mapped "{[/store/main]}" onto public java.lang.String com.wm.edu.controller.store.StoreInfoController.main(org.springframework.ui.Model)
2018-09-12 15:54:15.470  INFO 11156 --- [restartedMain] s.w.s.m.m.a.RequestMappingHandlerMapping : Mapped "{[/store/toMap]}" onto public java.lang.String com.wm.edu.controller.store.StoreInfoController.toMap(java.lang.String,java.lang.String,org.springframework.ui.Model)
2018-09-12 15:54:15.470  INFO 11156 --- [restartedMain] s.w.s.m.m.a.RequestMappingHandlerMapping : Mapped "{[/store/uploadImages]}" onto public java.util.Map<java.lang.String, java.lang.Object> com.wm.edu.controller.store.StoreInfoController.uploadImages(javax.servlet.http.HttpServletRequest,javax.servlet.http.HttpServletResponse,org.springframework.web.multipart.MultipartFile)
2018-09-12 15:54:15.470  INFO 11156 --- [restartedMain] s.w.s.m.m.a.RequestMappingHandlerMapping : Mapped "{[/store/getStoreEdit]}" onto public java.lang.String com.wm.edu.controller.store.StoreInfoController.getStoreEdit(org.springframework.ui.Model)
2018-09-12 15:54:15.471  INFO 11156 --- [restartedMain] s.w.s.m.m.a.RequestMappingHandlerMapping : Mapped "{[/store/saveStoreInfo]}" onto public java.util.Map<java.lang.String, java.lang.Object> com.wm.edu.controller.store.StoreInfoController.saveStoreInfo(com.wm.edu.model.store.T_store_info,javax.servlet.http.HttpServletRequest,com.wm.edu.model.store.T_base)
2018-09-12 15:54:15.472  INFO 11156 --- [restartedMain] s.w.s.m.m.a.RequestMappingHandlerMapping : Mapped "{[/suggestion/main]}" onto public java.lang.String com.wm.edu.controller.suggestion.SuggestionController.main()
2018-09-12 15:54:15.473  INFO 11156 --- [restartedMain] s.w.s.m.m.a.RequestMappingHandlerMapping : Mapped "{[/suggestion/list]}" onto public java.util.Map<java.lang.String, java.lang.Object> com.wm.edu.controller.suggestion.SuggestionController.list(com.wm.edu.model.cuser.T_user_suggestion)
2018-09-12 15:54:15.473  INFO 11156 --- [restartedMain] s.w.s.m.m.a.RequestMappingHandlerMapping : Mapped "{[/suggestion/suggestionDetails]}" onto public java.lang.String com.wm.edu.controller.suggestion.SuggestionController.suggestionDetails(java.lang.String,org.springframework.ui.Model)
2018-09-12 15:54:15.474  INFO 11156 --- [restartedMain] s.w.s.m.m.a.RequestMappingHandlerMapping : Mapped "{[/suggestion/updateSuggestion]}" onto public java.util.Map<java.lang.String, java.lang.Object> com.wm.edu.controller.suggestion.SuggestionController.updateSuggestion(com.wm.edu.model.cuser.T_user_suggestion)
2018-09-12 15:54:15.476  INFO 11156 --- [restartedMain] s.w.s.m.m.a.RequestMappingHandlerMapping : Mapped "{[/sysuser/main]}" onto public org.springframework.web.servlet.ModelAndView com.wm.edu.controller.sysuser.SysUserController.main(javax.servlet.http.HttpServletRequest)
2018-09-12 15:54:15.477  INFO 11156 --- [restartedMain] s.w.s.m.m.a.RequestMappingHandlerMapping : Mapped "{[/sysuser/list]}" onto public java.util.Map<java.lang.String, java.lang.Object> com.wm.edu.controller.sysuser.SysUserController.list(com.wm.edu.model.admin.Sys_user,java.lang.Integer,java.lang.Integer) throws java.lang.Exception
2018-09-12 15:54:15.477  INFO 11156 --- [restartedMain] s.w.s.m.m.a.RequestMappingHandlerMapping : Mapped "{[/sysuser/updateStatus]}" onto public java.util.Map<java.lang.String, java.lang.Object> com.wm.edu.controller.sysuser.SysUserController.updateStatus(com.wm.edu.model.admin.Sys_user)
2018-09-12 15:54:15.478  INFO 11156 --- [restartedMain] s.w.s.m.m.a.RequestMappingHandlerMapping : Mapped "{[/sysuser/addUser]}" onto public org.springframework.web.servlet.ModelAndView com.wm.edu.controller.sysuser.SysUserController.addUser(java.util.Map<java.lang.String, java.lang.Object>)
2018-09-12 15:54:15.479  INFO 11156 --- [restartedMain] s.w.s.m.m.a.RequestMappingHandlerMapping : Mapped "{[/sysuser/checkUsername]}" onto public java.util.Map<java.lang.String, java.lang.Object> com.wm.edu.controller.sysuser.SysUserController.checkUsername(java.lang.String)
2018-09-12 15:54:15.479  INFO 11156 --- [restartedMain] s.w.s.m.m.a.RequestMappingHandlerMapping : Mapped "{[/sysuser/saveUserInfo]}" onto public java.util.Map<java.lang.String, java.lang.Object> com.wm.edu.controller.sysuser.SysUserController.saveUserInfo(com.wm.edu.model.admin.Sys_user)
2018-09-12 15:54:15.480  INFO 11156 --- [restartedMain] s.w.s.m.m.a.RequestMappingHandlerMapping : Mapped "{[/sysuser/editUser]}" onto public org.springframework.web.servlet.ModelAndView com.wm.edu.controller.sysuser.SysUserController.editUser(java.lang.Integer,java.util.Map<java.lang.String, java.lang.Object>)
2018-09-12 15:54:15.481  INFO 11156 --- [restartedMain] s.w.s.m.m.a.RequestMappingHandlerMapping : Mapped "{[/uEditor/config]}" onto public void com.wm.edu.controller.ueditor.UEditorController.config(javax.servlet.http.HttpServletRequest,javax.servlet.http.HttpServletResponse)
2018-09-12 15:54:15.484  INFO 11156 --- [restartedMain] s.w.s.m.m.a.RequestMappingHandlerMapping : Mapped "{[/wechat/commodity/getCartList]}" onto public com.wm.edu.utils.common.ResultBody com.wm.edu.wechat.controller.commodity.WechatCommodityController.getCartList()
2018-09-12 15:54:15.485  INFO 11156 --- [restartedMain] s.w.s.m.m.a.RequestMappingHandlerMapping : Mapped "{[/wechat/commodity/getRecommendComm]}" onto public com.wm.edu.utils.common.ResultBody com.wm.edu.wechat.controller.commodity.WechatCommodityController.getRecommendComm()
2018-09-12 15:54:15.485  INFO 11156 --- [restartedMain] s.w.s.m.m.a.RequestMappingHandlerMapping : Mapped "{[/wechat/commodity/addCart]}" onto public com.wm.edu.utils.common.ResultBody com.wm.edu.wechat.controller.commodity.WechatCommodityController.addCart(java.lang.String,java.lang.String)
2018-09-12 15:54:15.486  INFO 11156 --- [restartedMain] s.w.s.m.m.a.RequestMappingHandlerMapping : Mapped "{[/wechat/commodity/getCommodityType]}" onto public com.wm.edu.utils.common.ResultBody com.wm.edu.wechat.controller.commodity.WechatCommodityController.getCommodityType()
2018-09-12 15:54:15.486  INFO 11156 --- [restartedMain] s.w.s.m.m.a.RequestMappingHandlerMapping : Mapped "{[/wechat/commodity/getCommodityById]}" onto public com.wm.edu.utils.common.ResultBody com.wm.edu.wechat.controller.commodity.WechatCommodityController.getCommodityById(java.lang.String)
2018-09-12 15:54:15.487  INFO 11156 --- [restartedMain] s.w.s.m.m.a.RequestMappingHandlerMapping : Mapped "{[/wechat/commodity/getAdver]}" onto public com.wm.edu.utils.common.ResultBody com.wm.edu.wechat.controller.commodity.WechatCommodityController.getAdver()
2018-09-12 15:54:15.487  INFO 11156 --- [restartedMain] s.w.s.m.m.a.RequestMappingHandlerMapping : Mapped "{[/wechat/commodity/getCommodityByType]}" onto public com.wm.edu.utils.common.ResultBody com.wm.edu.wechat.controller.commodity.WechatCommodityController.getCommodityByType(java.lang.String)
2018-09-12 15:54:15.488  INFO 11156 --- [restartedMain] s.w.s.m.m.a.RequestMappingHandlerMapping : Mapped "{[/wechat/home/index]}" onto public org.springframework.web.servlet.ModelAndView com.wm.edu.wechat.controller.home.HomeController.index()
2018-09-12 15:54:15.489  INFO 11156 --- [restartedMain] s.w.s.m.m.a.RequestMappingHandlerMapping : Mapped "{[/wechat/order/getOrderList]}" onto public com.wm.edu.utils.common.ResultBody com.wm.edu.wechat.controller.order.WechatOrderController.getOrderList(com.wm.edu.model.order.T_order)
2018-09-12 15:54:15.490  INFO 11156 --- [restartedMain] s.w.s.m.m.a.RequestMappingHandlerMapping : Mapped "{[/wechat/order/toOrder]}" onto public com.wm.edu.utils.common.ResultBody com.wm.edu.wechat.controller.order.WechatOrderController.toOrder(com.wm.edu.model.order.T_order,java.lang.String)
2018-09-12 15:54:15.490  INFO 11156 --- [restartedMain] s.w.s.m.m.a.RequestMappingHandlerMapping : Mapped "{[/wechat/order/getOrderDetails]}" onto public com.wm.edu.utils.common.ResultBody com.wm.edu.wechat.controller.order.WechatOrderController.getOrderDetails(java.lang.String)
2018-09-12 15:54:15.491  INFO 11156 --- [restartedMain] s.w.s.m.m.a.RequestMappingHandlerMapping : Mapped "{[/wechat/order/getSettlementInfo]}" onto public com.wm.edu.utils.common.ResultBody com.wm.edu.wechat.controller.order.WechatOrderController.getSettlementInfo(javax.servlet.http.HttpServletRequest)
2018-09-12 15:54:15.493  INFO 11156 --- [restartedMain] s.w.s.m.m.a.RequestMappingHandlerMapping : Mapped "{[/wechat/user/updateStatus]}" onto public com.wm.edu.utils.common.ResultBody com.wm.edu.wechat.controller.user.WeChatUserController.updateStatus(java.lang.String)
2018-09-12 15:54:15.493  INFO 11156 --- [restartedMain] s.w.s.m.m.a.RequestMappingHandlerMapping : Mapped "{[/wechat/user/getAddressList]}" onto public com.wm.edu.utils.common.ResultBody com.wm.edu.wechat.controller.user.WeChatUserController.getAddressList()
2018-09-12 15:54:15.494  INFO 11156 --- [restartedMain] s.w.s.m.m.a.RequestMappingHandlerMapping : Mapped "{[/wechat/user/saveAddress]}" onto public com.wm.edu.utils.common.ResultBody com.wm.edu.wechat.controller.user.WeChatUserController.saveAddress(com.wm.edu.model.cuser.C_user_address)
2018-09-12 15:54:15.494  INFO 11156 --- [restartedMain] s.w.s.m.m.a.RequestMappingHandlerMapping : Mapped "{[/wechat/user/getAddressById]}" onto public com.wm.edu.utils.common.ResultBody com.wm.edu.wechat.controller.user.WeChatUserController.getAddressById(java.lang.String)
2018-09-12 15:54:15.499  INFO 11156 --- [restartedMain] s.w.s.m.m.a.RequestMappingHandlerMapping : Mapped "{[/error]}" onto public org.springframework.http.ResponseEntity<java.util.Map<java.lang.String, java.lang.Object>> org.springframework.boot.autoconfigure.web.BasicErrorController.error(javax.servlet.http.HttpServletRequest)
2018-09-12 15:54:15.499  INFO 11156 --- [restartedMain] s.w.s.m.m.a.RequestMappingHandlerMapping : Mapped "{[/error],produces=[text/html]}" onto public org.springframework.web.servlet.ModelAndView org.springframework.boot.autoconfigure.web.BasicErrorController.errorHtml(javax.servlet.http.HttpServletRequest,javax.servlet.http.HttpServletResponse)
2018-09-12 15:54:15.584  INFO 11156 --- [restartedMain] o.s.w.s.handler.SimpleUrlHandlerMapping  : Root mapping to handler of type [class org.springframework.web.servlet.mvc.ParameterizableViewController]
2018-09-12 15:54:15.632  INFO 11156 --- [restartedMain] o.s.w.s.handler.SimpleUrlHandlerMapping  : Mapped URL path [/webjars/**] onto handler of type [class org.springframework.web.servlet.resource.ResourceHttpRequestHandler]
2018-09-12 15:54:15.633  INFO 11156 --- [restartedMain] o.s.w.s.handler.SimpleUrlHandlerMapping  : Mapped URL path [/**] onto handler of type [class org.springframework.web.servlet.resource.ResourceHttpRequestHandler]
2018-09-12 15:54:15.732  INFO 11156 --- [restartedMain] o.s.w.s.handler.SimpleUrlHandlerMapping  : Mapped URL path [/**/favicon.ico] onto handler of type [class org.springframework.web.servlet.resource.ResourceHttpRequestHandler]
2018-09-12 15:54:16.308  INFO 11156 --- [restartedMain] o.s.w.s.v.f.FreeMarkerConfigurer         : ClassTemplateLoader for Spring macros added to FreeMarker configuration
2018-09-12 15:54:17.179  INFO 11156 --- [restartedMain] o.s.b.d.a.OptionalLiveReloadServer       : LiveReload server is running on port 35729
2018-09-12 15:54:17.488  INFO 11156 --- [restartedMain] o.s.j.e.a.AnnotationMBeanExporter        : Registering beans for JMX exposure on startup
2018-09-12 15:54:17.493  INFO 11156 --- [restartedMain] o.s.j.e.a.AnnotationMBeanExporter        : Bean with name 'dataSource' has been autodetected for JMX exposure
2018-09-12 15:54:17.505  INFO 11156 --- [restartedMain] o.s.j.e.a.AnnotationMBeanExporter        : Located MBean 'dataSource': registering with JMX server as MBean [com.alibaba.druid.pool:name=dataSource,type=DruidDataSource]
2018-09-12 15:54:17.525  INFO 11156 --- [restartedMain] s.a.ScheduledAnnotationBeanPostProcessor : No TaskScheduler/ScheduledExecutorService bean found for scheduled processing
2018-09-12 15:54:17.601  INFO 11156 --- [restartedMain] s.b.c.e.t.TomcatEmbeddedServletContainer : Tomcat started on port(s): 8080 (http)
2018-09-12 15:54:17.623  INFO 11156 --- [restartedMain] com.wm.edu.EduApplication                : Started EduApplication in 11.24 seconds (JVM running for 13.648)
2018-09-12 15:54:17.633  INFO 11156 --- [pool-1-thread-1] com.alibaba.druid.pool.DruidDataSource   : {dataSource-1} inited
2018-09-12 15:56:53.777  INFO 11156 --- [http-nio-8080-exec-1] o.a.c.c.C.[Tomcat].[localhost].[/shop]   : Initializing Spring FrameworkServlet 'dispatcherServlet'
2018-09-12 15:56:53.777  INFO 11156 --- [http-nio-8080-exec-1] o.s.web.servlet.DispatcherServlet        : FrameworkServlet 'dispatcherServlet': initialization started
2018-09-12 15:56:53.815  INFO 11156 --- [http-nio-8080-exec-1] o.s.web.servlet.DispatcherServlet        : FrameworkServlet 'dispatcherServlet': initialization completed in 38 ms
